<?xml version="1.0" encoding="UTF-8"?>
<!-- Generated by org.testng.reporters.JUnitReportReporter -->
<testsuite skipped="0" hostname="LAPTOP-2U0C10CV" name="com.sify.CreateIncNdSchemaValidation" tests="1" failures="1" timestamp="2023-09-03T20:15:21 IST" time="10.263" errors="0">
  <testcase name="createIncWithOutBody" time="10.263" classname="com.sify.CreateIncNdSchemaValidation">
    <failure type="java.lang.AssertionError" message="1 expectation failed.
Response body doesn&#039;t match expectation.
Expected: The content to match the given JSON schema.
error: object has missing required properties ([&quot;parent1&quot;])
    level: &quot;error&quot;
    schema: {&quot;loadingURI&quot;:&quot;#&quot;,&quot;pointer&quot;:&quot;/properties/result&quot;}
    instance: {&quot;pointer&quot;:&quot;/result&quot;}
    domain: &quot;validation&quot;
    keyword: &quot;required&quot;
    required: [&quot;active&quot;,&quot;activity_due&quot;,&quot;additional_assignee_list&quot;,&quot;approval&quot;,&quot;approval_history&quot;,&quot;approval_set&quot;,&quot;assigned_to&quot;,&quot;assignment_group&quot;,&quot;business_duration&quot;,&quot;business_impact&quot;,&quot;business_service&quot;,&quot;business_stc&quot;,&quot;calendar_duration&quot;,&quot;calendar_stc&quot;,&quot;caller_id&quot;,&quot;category&quot;,&quot;cause&quot;,&quot;caused_by&quot;,&quot;child_incidents&quot;,&quot;close_code&quot;,&quot;close_notes&quot;,&quot;closed_at&quot;,&quot;closed_by&quot;,&quot;cmdb_ci&quot;,&quot;comments&quot;,&quot;comments_and_work_notes&quot;,&quot;company&quot;,&quot;contact_type&quot;,&quot;contract&quot;,&quot;correlation_display&quot;,&quot;correlation_id&quot;,&quot;delivery_plan&quot;,&quot;delivery_task&quot;,&quot;description&quot;,&quot;due_date&quot;,&quot;escalation&quot;,&quot;expected_start&quot;,&quot;follow_up&quot;,&quot;group_list&quot;,&quot;hold_reason&quot;,&quot;impact&quot;,&quot;incident_state&quot;,&quot;knowledge&quot;,&quot;location&quot;,&quot;made_sla&quot;,&quot;notify&quot;,&quot;number&quot;,&quot;opened_at&quot;,&quot;opened_by&quot;,&quot;order&quot;,&quot;origin_id&quot;,&quot;origin_table&quot;,&quot;parent1&quot;,&quot;parent_incident&quot;,&quot;priority&quot;,&quot;problem_id&quot;,&quot;reassignment_count&quot;,&quot;reopen_count&quot;,&quot;reopened_by&quot;,&quot;reopened_time&quot;,&quot;resolved_at&quot;,&quot;resolved_by&quot;,&quot;rfc&quot;,&quot;route_reason&quot;,&quot;service_offering&quot;,&quot;severity&quot;,&quot;short_description&quot;,&quot;sla_due&quot;,&quot;state&quot;,&quot;subcategory&quot;,&quot;sys_class_name&quot;,&quot;sys_created_by&quot;,&quot;sys_created_on&quot;,&quot;sys_domain&quot;,&quot;sys_domain_path&quot;,&quot;sys_id&quot;,&quot;sys_mod_count&quot;,&quot;sys_tags&quot;,&quot;sys_updated_by&quot;,&quot;sys_updated_on&quot;,&quot;task_effective_number&quot;,&quot;time_worked&quot;,&quot;universal_request&quot;,&quot;upon_approval&quot;,&quot;upon_reject&quot;,&quot;urgency&quot;,&quot;user_input&quot;,&quot;watch_list&quot;,&quot;work_end&quot;,&quot;work_notes&quot;,&quot;work_notes_list&quot;,&quot;work_start&quot;]
    missing: [&quot;parent1&quot;]

  Actual: {&quot;result&quot;:{&quot;parent&quot;:&quot;&quot;,&quot;made_sla&quot;:&quot;true&quot;,&quot;caused_by&quot;:&quot;&quot;,&quot;watch_list&quot;:&quot;&quot;,&quot;upon_reject&quot;:&quot;cancel&quot;,&quot;sys_updated_on&quot;:&quot;2023-09-03 14:45:19&quot;,&quot;child_incidents&quot;:&quot;0&quot;,&quot;hold_reason&quot;:&quot;&quot;,&quot;origin_table&quot;:&quot;&quot;,&quot;task_effective_number&quot;:&quot;INC0010053&quot;,&quot;approval_history&quot;:&quot;&quot;,&quot;number&quot;:&quot;INC0010053&quot;,&quot;resolved_by&quot;:&quot;&quot;,&quot;sys_updated_by&quot;:&quot;admin&quot;,&quot;opened_by&quot;:{&quot;link&quot;:&quot;https://dev164407.service-now.com/api/now/table/sys_user/6816f79cc0a8016401c5a33be04be441&quot;,&quot;value&quot;:&quot;6816f79cc0a8016401c5a33be04be441&quot;},&quot;user_input&quot;:&quot;&quot;,&quot;sys_created_on&quot;:&quot;2023-09-03 14:45:19&quot;,&quot;sys_domain&quot;:{&quot;link&quot;:&quot;https://dev164407.service-now.com/api/now/table/sys_user_group/global&quot;,&quot;value&quot;:&quot;global&quot;},&quot;state&quot;:&quot;1&quot;,&quot;route_reason&quot;:&quot;&quot;,&quot;sys_created_by&quot;:&quot;admin&quot;,&quot;knowledge&quot;:&quot;false&quot;,&quot;order&quot;:&quot;&quot;,&quot;calendar_stc&quot;:&quot;&quot;,&quot;closed_at&quot;:&quot;&quot;,&quot;cmdb_ci&quot;:&quot;&quot;,&quot;delivery_plan&quot;:&quot;&quot;,&quot;contract&quot;:&quot;&quot;,&quot;impact&quot;:&quot;3&quot;,&quot;active&quot;:&quot;true&quot;,&quot;work_notes_list&quot;:&quot;&quot;,&quot;business_service&quot;:&quot;&quot;,&quot;business_impact&quot;:&quot;&quot;,&quot;priority&quot;:&quot;5&quot;,&quot;sys_domain_path&quot;:&quot;/&quot;,&quot;rfc&quot;:&quot;&quot;,&quot;time_worked&quot;:&quot;&quot;,&quot;expected_start&quot;:&quot;&quot;,&quot;opened_at&quot;:&quot;2023-09-03 14:45:19&quot;,&quot;business_duration&quot;:&quot;&quot;,&quot;group_list&quot;:&quot;&quot;,&quot;work_end&quot;:&quot;&quot;,&quot;caller_id&quot;:&quot;&quot;,&quot;reopened_time&quot;:&quot;&quot;,&quot;resolved_at&quot;:&quot;&quot;,&quot;approval_set&quot;:&quot;&quot;,&quot;subcategory&quot;:&quot;&quot;,&quot;work_notes&quot;:&quot;&quot;,&quot;universal_request&quot;:&quot;&quot;,&quot;short_description&quot;:&quot;Incident Created via Script for Schema validator&quot;,&quot;close_code&quot;:&quot;&quot;,&quot;correlation_display&quot;:&quot;&quot;,&quot;delivery_task&quot;:&quot;&quot;,&quot;work_start&quot;:&quot;&quot;,&quot;assignment_group&quot;:&quot;&quot;,&quot;additional_assignee_list&quot;:&quot;&quot;,&quot;business_stc&quot;:&quot;&quot;,&quot;cause&quot;:&quot;&quot;,&quot;description&quot;:&quot;Post test through Script....&quot;,&quot;origin_id&quot;:&quot;&quot;,&quot;calendar_duration&quot;:&quot;&quot;,&quot;close_notes&quot;:&quot;&quot;,&quot;notify&quot;:&quot;1&quot;,&quot;service_offering&quot;:&quot;&quot;,&quot;sys_class_name&quot;:&quot;incident&quot;,&quot;closed_by&quot;:&quot;&quot;,&quot;follow_up&quot;:&quot;&quot;,&quot;parent_incident&quot;:&quot;&quot;,&quot;sys_id&quot;:&quot;d368acf197097110426bf896f053af91&quot;,&quot;contact_type&quot;:&quot;&quot;,&quot;reopened_by&quot;:&quot;&quot;,&quot;incident_state&quot;:&quot;1&quot;,&quot;urgency&quot;:&quot;3&quot;,&quot;problem_id&quot;:&quot;&quot;,&quot;company&quot;:&quot;&quot;,&quot;reassignment_count&quot;:&quot;0&quot;,&quot;activity_due&quot;:&quot;&quot;,&quot;assigned_to&quot;:&quot;&quot;,&quot;severity&quot;:&quot;3&quot;,&quot;comments&quot;:&quot;&quot;,&quot;approval&quot;:&quot;not requested&quot;,&quot;sla_due&quot;:&quot;&quot;,&quot;comments_and_work_notes&quot;:&quot;&quot;,&quot;due_date&quot;:&quot;&quot;,&quot;sys_mod_count&quot;:&quot;0&quot;,&quot;reopen_count&quot;:&quot;0&quot;,&quot;sys_tags&quot;:&quot;&quot;,&quot;escalation&quot;:&quot;0&quot;,&quot;upon_approval&quot;:&quot;proceed&quot;,&quot;correlation_id&quot;:&quot;&quot;,&quot;location&quot;:&quot;&quot;,&quot;category&quot;:&quot;inquiry&quot;}}
">
      <![CDATA[java.lang.AssertionError: 1 expectation failed.
Response body doesn't match expectation.
Expected: The content to match the given JSON schema.
error: object has missing required properties (["parent1"])
    level: "error"
    schema: {"loadingURI":"#","pointer":"/properties/result"}
    instance: {"pointer":"/result"}
    domain: "validation"
    keyword: "required"
    required: ["active","activity_due","additional_assignee_list","approval","approval_history","approval_set","assigned_to","assignment_group","business_duration","business_impact","business_service","business_stc","calendar_duration","calendar_stc","caller_id","category","cause","caused_by","child_incidents","close_code","close_notes","closed_at","closed_by","cmdb_ci","comments","comments_and_work_notes","company","contact_type","contract","correlation_display","correlation_id","delivery_plan","delivery_task","description","due_date","escalation","expected_start","follow_up","group_list","hold_reason","impact","incident_state","knowledge","location","made_sla","notify","number","opened_at","opened_by","order","origin_id","origin_table","parent1","parent_incident","priority","problem_id","reassignment_count","reopen_count","reopened_by","reopened_time","resolved_at","resolved_by","rfc","route_reason","service_offering","severity","short_description","sla_due","state","subcategory","sys_class_name","sys_created_by","sys_created_on","sys_domain","sys_domain_path","sys_id","sys_mod_count","sys_tags","sys_updated_by","sys_updated_on","task_effective_number","time_worked","universal_request","upon_approval","upon_reject","urgency","user_input","watch_list","work_end","work_notes","work_notes_list","work_start"]
    missing: ["parent1"]

  Actual: {"result":{"parent":"","made_sla":"true","caused_by":"","watch_list":"","upon_reject":"cancel","sys_updated_on":"2023-09-03 14:45:19","child_incidents":"0","hold_reason":"","origin_table":"","task_effective_number":"INC0010053","approval_history":"","number":"INC0010053","resolved_by":"","sys_updated_by":"admin","opened_by":{"link":"https://dev164407.service-now.com/api/now/table/sys_user/6816f79cc0a8016401c5a33be04be441","value":"6816f79cc0a8016401c5a33be04be441"},"user_input":"","sys_created_on":"2023-09-03 14:45:19","sys_domain":{"link":"https://dev164407.service-now.com/api/now/table/sys_user_group/global","value":"global"},"state":"1","route_reason":"","sys_created_by":"admin","knowledge":"false","order":"","calendar_stc":"","closed_at":"","cmdb_ci":"","delivery_plan":"","contract":"","impact":"3","active":"true","work_notes_list":"","business_service":"","business_impact":"","priority":"5","sys_domain_path":"/","rfc":"","time_worked":"","expected_start":"","opened_at":"2023-09-03 14:45:19","business_duration":"","group_list":"","work_end":"","caller_id":"","reopened_time":"","resolved_at":"","approval_set":"","subcategory":"","work_notes":"","universal_request":"","short_description":"Incident Created via Script for Schema validator","close_code":"","correlation_display":"","delivery_task":"","work_start":"","assignment_group":"","additional_assignee_list":"","business_stc":"","cause":"","description":"Post test through Script....","origin_id":"","calendar_duration":"","close_notes":"","notify":"1","service_offering":"","sys_class_name":"incident","closed_by":"","follow_up":"","parent_incident":"","sys_id":"d368acf197097110426bf896f053af91","contact_type":"","reopened_by":"","incident_state":"1","urgency":"3","problem_id":"","company":"","reassignment_count":"0","activity_due":"","assigned_to":"","severity":"3","comments":"","approval":"not requested","sla_due":"","comments_and_work_notes":"","due_date":"","sys_mod_count":"0","reopen_count":"0","sys_tags":"","escalation":"0","upon_approval":"proceed","correlation_id":"","location":"","category":"inquiry"}}

at sun.reflect.NativeConstructorAccessorImpl.newInstance0(Native Method)
at sun.reflect.NativeConstructorAccessorImpl.newInstance(Unknown Source)
at sun.reflect.DelegatingConstructorAccessorImpl.newInstance(Unknown Source)
at java.lang.reflect.Constructor.newInstance(Unknown Source)
at org.codehaus.groovy.reflection.CachedConstructor.invoke(CachedConstructor.java:73)
at org.codehaus.groovy.reflection.CachedConstructor.doConstructorInvoke(CachedConstructor.java:60)
at org.codehaus.groovy.runtime.callsite.ConstructorSite$ConstructorSiteNoUnwrap.callConstructor(ConstructorSite.java:86)
at org.codehaus.groovy.runtime.callsite.CallSiteArray.defaultCallConstructor(CallSiteArray.java:57)
at org.codehaus.groovy.runtime.callsite.AbstractCallSite.callConstructor(AbstractCallSite.java:263)
at org.codehaus.groovy.runtime.callsite.AbstractCallSite.callConstructor(AbstractCallSite.java:277)
at io.restassured.internal.ResponseSpecificationImpl$HamcrestAssertionClosure.validate(ResponseSpecificationImpl.groovy:512)
at io.restassured.internal.ResponseSpecificationImpl$HamcrestAssertionClosure$validate$1.call(Unknown Source)
at org.codehaus.groovy.runtime.callsite.CallSiteArray.defaultCall(CallSiteArray.java:45)
at org.codehaus.groovy.runtime.callsite.AbstractCallSite.call(AbstractCallSite.java:125)
at org.codehaus.groovy.runtime.callsite.AbstractCallSite.call(AbstractCallSite.java:139)
at io.restassured.internal.ResponseSpecificationImpl.validateResponseIfRequired(ResponseSpecificationImpl.groovy:696)
at io.restassured.internal.ResponseSpecificationImpl.this$2$validateResponseIfRequired(ResponseSpecificationImpl.groovy)
at sun.reflect.NativeMethodAccessorImpl.invoke0(Native Method)
at sun.reflect.NativeMethodAccessorImpl.invoke(Unknown Source)
at sun.reflect.DelegatingMethodAccessorImpl.invoke(Unknown Source)
at java.lang.reflect.Method.invoke(Unknown Source)
at org.codehaus.groovy.runtime.callsite.PlainObjectMetaMethodSite.doInvoke(PlainObjectMetaMethodSite.java:43)
at org.codehaus.groovy.runtime.callsite.PogoMetaMethodSite$PogoCachedMethodSiteNoUnwrapNoCoerce.invoke(PogoMetaMethodSite.java:198)
at org.codehaus.groovy.runtime.callsite.PogoMetaMethodSite.callCurrent(PogoMetaMethodSite.java:62)
at org.codehaus.groovy.runtime.callsite.CallSiteArray.defaultCallCurrent(CallSiteArray.java:49)
at org.codehaus.groovy.runtime.callsite.AbstractCallSite.callCurrent(AbstractCallSite.java:171)
at org.codehaus.groovy.runtime.callsite.AbstractCallSite.callCurrent(AbstractCallSite.java:185)
at io.restassured.internal.ResponseSpecificationImpl.body(ResponseSpecificationImpl.groovy:107)
at io.restassured.internal.ValidatableResponseOptionsImpl.body(ValidatableResponseOptionsImpl.java:238)
at com.sify.CreateIncNdSchemaValidation.createIncWithOutBody(CreateIncNdSchemaValidation.java:26)
at sun.reflect.NativeMethodAccessorImpl.invoke0(Native Method)
at sun.reflect.NativeMethodAccessorImpl.invoke(Unknown Source)
at sun.reflect.DelegatingMethodAccessorImpl.invoke(Unknown Source)
at java.lang.reflect.Method.invoke(Unknown Source)
at org.testng.internal.MethodInvocationHelper.invokeMethod(MethodInvocationHelper.java:133)
at org.testng.internal.TestInvoker.invokeMethod(TestInvoker.java:584)
at org.testng.internal.TestInvoker.invokeTestMethod(TestInvoker.java:172)
at org.testng.internal.MethodRunner.runInSequence(MethodRunner.java:46)
at org.testng.internal.TestInvoker$MethodInvocationAgent.invoke(TestInvoker.java:804)
at org.testng.internal.TestInvoker.invokeTestMethods(TestInvoker.java:145)
at org.testng.internal.TestMethodWorker.invokeTestMethods(TestMethodWorker.java:146)
at org.testng.internal.TestMethodWorker.run(TestMethodWorker.java:128)
at java.util.ArrayList.forEach(Unknown Source)
at org.testng.TestRunner.privateRun(TestRunner.java:770)
at org.testng.TestRunner.run(TestRunner.java:591)
at org.testng.SuiteRunner.runTest(SuiteRunner.java:402)
at org.testng.SuiteRunner.runSequentially(SuiteRunner.java:396)
at org.testng.SuiteRunner.privateRun(SuiteRunner.java:355)
at org.testng.SuiteRunner.run(SuiteRunner.java:304)
at org.testng.SuiteRunnerWorker.runSuite(SuiteRunnerWorker.java:53)
at org.testng.SuiteRunnerWorker.run(SuiteRunnerWorker.java:96)
at org.testng.TestNG.runSuitesSequentially(TestNG.java:1180)
at org.testng.TestNG.runSuitesLocally(TestNG.java:1102)
at org.testng.TestNG.runSuites(TestNG.java:1032)
at org.testng.TestNG.run(TestNG.java:1000)
at org.testng.remote.AbstractRemoteTestNG.run(AbstractRemoteTestNG.java:115)
at org.testng.remote.RemoteTestNG.initAndRun(RemoteTestNG.java:251)
at org.testng.remote.RemoteTestNG.main(RemoteTestNG.java:77)
]]>
    </failure>
  </testcase> <!-- createIncWithOutBody -->
</testsuite> <!-- com.sify.CreateIncNdSchemaValidation -->
